This is pdfTeX, Version 3.14159265-2.6-1.40.20 (TeX Live 2019) (preloaded format=pdflatex 2020.1.12)  14 JAN 2020 12:39
entering extended mode
 restricted \write18 enabled.
 %&-line parsing enabled.
**02-handout.tex
(./02-handout.tex
LaTeX2e <2019-10-01> patch level 3
(/home/george/.TinyTeX/texmf-dist/tex/latex/base/article.cls
Document Class: article 2019/10/25 v1.4k Standard LaTeX document class
(/home/george/.TinyTeX/texmf-dist/tex/latex/base/size10.clo
File: size10.clo 2019/10/25 v1.4k Standard LaTeX file (size option)
)
\c@part=\count80
\c@section=\count81
\c@subsection=\count82
\c@subsubsection=\count83
\c@paragraph=\count84
\c@subparagraph=\count85
\c@figure=\count86
\c@table=\count87
\abovecaptionskip=\skip41
\belowcaptionskip=\skip42
\bibindent=\dimen102
)
(/home/george/.TinyTeX/texmf-dist/tex/latex/pdfpages/pdfpages.sty
Package: pdfpages 2019/12/17 v0.5p Insert pages of external PDF documents (AM)

(/home/george/.TinyTeX/texmf-dist/tex/latex/base/ifthen.sty
Package: ifthen 2014/09/29 v1.1c Standard LaTeX ifthen package (DPC)
)
(/home/george/.TinyTeX/texmf-dist/tex/latex/tools/calc.sty
Package: calc 2017/05/25 v4.3 Infix arithmetic (KKT,FJ)
\calc@Acount=\count88
\calc@Bcount=\count89
\calc@Adimen=\dimen103
\calc@Bdimen=\dimen104
\calc@Askip=\skip43
\calc@Bskip=\skip44
LaTeX Info: Redefining \setlength on input line 80.
LaTeX Info: Redefining \addtolength on input line 81.
\calc@Ccount=\count90
\calc@Cskip=\skip45
)
(/home/george/.TinyTeX/texmf-dist/tex/latex/eso-pic/eso-pic.sty
Package: eso-pic 2018/04/12 v2.0h eso-pic (RN)

(/home/george/.TinyTeX/texmf-dist/tex/generic/atbegshi/atbegshi.sty
Package: atbegshi 2019/12/05 v1.19 At begin shipout hook (HO)

(/home/george/.TinyTeX/texmf-dist/tex/generic/infwarerr/infwarerr.sty
Package: infwarerr 2019/12/03 v1.5 Providing info/warning/error messages (HO)
)
(/home/george/.TinyTeX/texmf-dist/tex/generic/ltxcmds/ltxcmds.sty
Package: ltxcmds 2019/12/15 v1.24 LaTeX kernel commands for general use (HO)
)
(/home/george/.TinyTeX/texmf-dist/tex/generic/iftex/iftex.sty
Package: iftex 2019/11/07 v1.0c TeX engine tests
))
(/home/george/.TinyTeX/texmf-dist/tex/latex/graphics/keyval.sty
Package: keyval 2014/10/28 v1.15 key=value parser (DPC)
\KV@toks@=\toks14
)
(/home/george/.TinyTeX/texmf-dist/tex/latex/xcolor/xcolor.sty
Package: xcolor 2016/05/11 v2.12 LaTeX color extensions (UK)

(/home/george/.TinyTeX/texmf-dist/tex/latex/graphics-cfg/color.cfg
File: color.cfg 2016/01/02 v1.6 sample color configuration
)
Package xcolor Info: Driver file: pdftex.def on input line 225.

(/home/george/.TinyTeX/texmf-dist/tex/latex/graphics-def/pdftex.def
File: pdftex.def 2018/01/08 v1.0l Graphics/color driver for pdftex
)
Package xcolor Info: Model `cmy' substituted by `cmy0' on input line 1348.
Package xcolor Info: Model `hsb' substituted by `rgb' on input line 1352.
Package xcolor Info: Model `RGB' extended on input line 1364.
Package xcolor Info: Model `HTML' substituted by `rgb' on input line 1366.
Package xcolor Info: Model `Hsb' substituted by `hsb' on input line 1367.
Package xcolor Info: Model `tHsb' substituted by `hsb' on input line 1368.
Package xcolor Info: Model `HSB' substituted by `hsb' on input line 1369.
Package xcolor Info: Model `Gray' substituted by `gray' on input line 1370.
Package xcolor Info: Model `wave' substituted by `hsb' on input line 1371.
))
(/home/george/.TinyTeX/texmf-dist/tex/latex/graphics/graphicx.sty
Package: graphicx 2017/06/01 v1.1a Enhanced LaTeX Graphics (DPC,SPQR)

(/home/george/.TinyTeX/texmf-dist/tex/latex/graphics/graphics.sty
Package: graphics 2019/11/01 v1.3d Standard LaTeX Graphics (DPC,SPQR)

(/home/george/.TinyTeX/texmf-dist/tex/latex/graphics/trig.sty
Package: trig 2016/01/03 v1.10 sin cos tan (DPC)
)
(/home/george/.TinyTeX/texmf-dist/tex/latex/graphics-cfg/graphics.cfg
File: graphics.cfg 2016/06/04 v1.11 sample graphics configuration
)
Package graphics Info: Driver file: pdftex.def on input line 105.
)
\Gin@req@height=\dimen105
\Gin@req@width=\dimen106
)
\AM@pagewidth=\dimen107
\AM@pageheight=\dimen108

(/home/george/.TinyTeX/texmf-dist/tex/latex/pdfpages/pppdftex.def
File: pppdftex.def 2019/12/17 v0.5p Pdfpages driver for pdfTeX (AM)
)
\AM@pagebox=\box27
\AM@global@opts=\toks15
\AM@toc@title=\toks16
\c@AM@survey=\count91
\AM@templatesizebox=\box28
)
(/home/george/.TinyTeX/texmf-dist/tex/latex/geometry/geometry.sty
Package: geometry 2020/01/02 v5.9 Page Geometry

(/home/george/.TinyTeX/texmf-dist/tex/generic/iftex/ifvtex.sty
Package: ifvtex 2019/10/25 v1.7 ifvtex legacy package. Use iftex instead.
)
\Gm@cnth=\count92
\Gm@cntv=\count93
\c@Gm@tempcnt=\count94
\Gm@bindingoffset=\dimen109
\Gm@wd@mp=\dimen110
\Gm@odd@mp=\dimen111
\Gm@even@mp=\dimen112
\Gm@layoutwidth=\dimen113
\Gm@layoutheight=\dimen114
\Gm@layouthoffset=\dimen115
\Gm@layoutvoffset=\dimen116
\Gm@dimlist=\toks17
)
(/home/george/.TinyTeX/texmf-dist/tex/latex/fancyhdr/fancyhdr.sty
Package: fancyhdr 2019/01/31 v3.10 Extensive control of page headers and footer
s
\f@nch@headwidth=\skip46
\f@nch@O@elh=\skip47
\f@nch@O@erh=\skip48
\f@nch@O@olh=\skip49
\f@nch@O@orh=\skip50
\f@nch@O@elf=\skip51
\f@nch@O@erf=\skip52
\f@nch@O@olf=\skip53
\f@nch@O@orf=\skip54
)
(/home/george/.TinyTeX/texmf-dist/tex/latex/cclicenses/cclicenses.sty
Package: cclicenses 2005/05/20 v0.4 CC licenses typesetting

(/home/george/.TinyTeX/texmf-dist/tex/latex/graphics/rotating.sty
Package: rotating 2016/08/11 v2.16d rotated objects in LaTeX
\c@r@tfl@t=\count95
\rotFPtop=\skip55
\rotFPbot=\skip56
\rot@float@box=\box29
\rot@mess@toks=\toks18
)
\chardim=\dimen117
\hdim=\dimen118
\htmp=\dimen119
\hpos=\count96
\vpos=\count97
)
(pdf/02-handout.aux)
\openout1 = `02-handout.aux'.

LaTeX Font Info:    Checking defaults for OML/cmm/m/it on input line 9.
LaTeX Font Info:    ... okay on input line 9.
LaTeX Font Info:    Checking defaults for T1/cmr/m/n on input line 9.
LaTeX Font Info:    ... okay on input line 9.
LaTeX Font Info:    Checking defaults for OT1/cmr/m/n on input line 9.
LaTeX Font Info:    ... okay on input line 9.
LaTeX Font Info:    Checking defaults for OMS/cmsy/m/n on input line 9.
LaTeX Font Info:    ... okay on input line 9.
LaTeX Font Info:    Checking defaults for OMX/cmex/m/n on input line 9.
LaTeX Font Info:    ... okay on input line 9.
LaTeX Font Info:    Checking defaults for U/cmr/m/n on input line 9.
LaTeX Font Info:    ... okay on input line 9.
\AtBeginShipoutBox=\box30

(/home/george/.TinyTeX/texmf-dist/tex/latex/epstopdf-pkg/epstopdf-base.sty
Package: epstopdf-base 2019-12-09 v2.10 Base part for package epstopdf
Package epstopdf-base Info: Redefining graphics rule for `.eps' on input line 4
85.

(/home/george/.TinyTeX/texmf-dist/tex/latex/latexconfig/epstopdf-sys.cfg
File: epstopdf-sys.cfg 2010/07/13 v1.3 Configuration of (r)epstopdf for TeX Liv
e
))
(/home/george/.TinyTeX/texmf-dist/tex/latex/pdflscape/pdflscape.sty
Package: pdflscape 2019/12/05 v0.12 Display of landscape pages in PDF (HO)

(/home/george/.TinyTeX/texmf-dist/tex/latex/graphics/lscape.sty
Package: lscape 2000/10/22 v3.01 Landscape Pages (DPC)
)
Package pdflscape Info: Auto-detected driver: pdftex on input line 81.
)
*geometry* driver: auto-detecting
*geometry* detected driver: pdftex
*geometry* verbose mode - [ preamble ] result:
* driver: pdftex
* paper: <default>
* layout: <same size as paper>
* layoutoffset:(h,v)=(0.0pt,0.0pt)
* modes: 
* h-part:(L,W,R)=(56.9055pt, 500.484pt, 56.9055pt)
* v-part:(T,H,B)=(56.9055pt, 681.15898pt, 56.9055pt)
* \paperwidth=614.295pt
* \paperheight=794.96999pt
* \textwidth=500.484pt
* \textheight=681.15898pt
* \oddsidemargin=-15.36449pt
* \evensidemargin=-15.36449pt
* \topmargin=-52.36449pt
* \headheight=12.0pt
* \headsep=25.0pt
* \topskip=10.0pt
* \footskip=30.0pt
* \marginparwidth=65.0pt
* \marginparsep=11.0pt
* \columnsep=10.0pt
* \skip\footins=9.0pt plus 4.0pt minus 2.0pt
* \hoffset=0.0pt
* \voffset=0.0pt
* \mag=1000
* \@twocolumnfalse
* \@twosidefalse
* \@mparswitchfalse
* \@reversemarginfalse
* (1in=72.27pt=25.4mm, 1cm=28.453pt)

<pdf/02-print.pdf, id=1, 683.6742pt x 512.8761pt>
File: pdf/02-print.pdf Graphic file (type pdf)
<use pdf/02-print.pdf>
Package pdftex.def Info: pdf/02-print.pdf  used on input line 16.
(pdftex.def)             Requested size: 683.67252pt x 512.87485pt.
File: pdf/02-print.pdf Graphic file (type pdf)
<use pdf/02-print.pdf>
Package pdftex.def Info: pdf/02-print.pdf  used on input line 16.
(pdftex.def)             Requested size: 683.67252pt x 512.87485pt.
File: pdf/02-print.pdf Graphic file (type pdf)
<use pdf/02-print.pdf>
Package pdftex.def Info: pdf/02-print.pdf  used on input line 16.
(pdftex.def)             Requested size: 683.67252pt x 512.87485pt.
File: pdf/02-print.pdf Graphic file (type pdf)
<use pdf/02-print.pdf>
Package pdftex.def Info: pdf/02-print.pdf  used on input line 16.
(pdftex.def)             Requested size: 683.67252pt x 512.87485pt.
File: pdf/02-print.pdf Graphic file (type pdf)
<use pdf/02-print.pdf>
Package pdftex.def Info: pdf/02-print.pdf  used on input line 16.
(pdftex.def)             Requested size: 683.67252pt x 512.87485pt.
File: pdf/02-print.pdf Graphic file (type pdf)
<use pdf/02-print.pdf>
Package pdftex.def Info: pdf/02-print.pdf  used on input line 16.
(pdftex.def)             Requested size: 683.67252pt x 512.87485pt.
File: pdf/02-print.pdf Graphic file (type pdf)
<use pdf/02-print.pdf>
Package pdftex.def Info: pdf/02-print.pdf  used on input line 16.
(pdftex.def)             Requested size: 683.67252pt x 512.87485pt.
File: pdf/02-print.pdf Graphic file (type pdf)
<use pdf/02-print.pdf>
Package pdftex.def Info: pdf/02-print.pdf  used on input line 16.
(pdftex.def)             Requested size: 683.67252pt x 512.87485pt.
File: pdf/02-print.pdf Graphic file (type pdf)
<use pdf/02-print.pdf>
Package pdftex.def Info: pdf/02-print.pdf  used on input line 16.
(pdftex.def)             Requested size: 683.67252pt x 512.87485pt.
File: pdf/02-print.pdf Graphic file (type pdf)
<use pdf/02-print.pdf>
Package pdftex.def Info: pdf/02-print.pdf  used on input line 16.
(pdftex.def)             Requested size: 683.67252pt x 512.87485pt.
File: pdf/02-print.pdf Graphic file (type pdf)
<use pdf/02-print.pdf>
Package pdftex.def Info: pdf/02-print.pdf  used on input line 16.
(pdftex.def)             Requested size: 683.67252pt x 512.87485pt.
File: pdf/02-print.pdf Graphic file (type pdf)
<use pdf/02-print.pdf>
Package pdftex.def Info: pdf/02-print.pdf  used on input line 16.
(pdftex.def)             Requested size: 683.67252pt x 512.87485pt.
File: pdf/02-print.pdf Graphic file (type pdf)
<use pdf/02-print.pdf>
Package pdftex.def Info: pdf/02-print.pdf  used on input line 16.
(pdftex.def)             Requested size: 683.67252pt x 512.87485pt.
File: pdf/02-print.pdf Graphic file (type pdf)
<use pdf/02-print.pdf>
Package pdftex.def Info: pdf/02-print.pdf  used on input line 16.
(pdftex.def)             Requested size: 683.67252pt x 512.87485pt.
File: pdf/02-print.pdf Graphic file (type pdf)
<use pdf/02-print.pdf>
Package pdftex.def Info: pdf/02-print.pdf  used on input line 16.
(pdftex.def)             Requested size: 683.67252pt x 512.87485pt.
File: pdf/02-print.pdf Graphic file (type pdf)
<use pdf/02-print.pdf>
Package pdftex.def Info: pdf/02-print.pdf  used on input line 16.
(pdftex.def)             Requested size: 683.67252pt x 512.87485pt.
File: pdf/02-print.pdf Graphic file (type pdf)
<use pdf/02-print.pdf>
Package pdftex.def Info: pdf/02-print.pdf  used on input line 16.
(pdftex.def)             Requested size: 683.67252pt x 512.87485pt.
File: pdf/02-print.pdf Graphic file (type pdf)
<use pdf/02-print.pdf>
Package pdftex.def Info: pdf/02-print.pdf  used on input line 16.
(pdftex.def)             Requested size: 683.67252pt x 512.87485pt.
File: pdf/02-print.pdf Graphic file (type pdf)
<use pdf/02-print.pdf>
Package pdftex.def Info: pdf/02-print.pdf  used on input line 16.
(pdftex.def)             Requested size: 683.67252pt x 512.87485pt.
File: pdf/02-print.pdf Graphic file (type pdf)
<use pdf/02-print.pdf>
Package pdftex.def Info: pdf/02-print.pdf  used on input line 16.
(pdftex.def)             Requested size: 683.67252pt x 512.87485pt.
File: pdf/02-print.pdf Graphic file (type pdf)
<use pdf/02-print.pdf>
Package pdftex.def Info: pdf/02-print.pdf  used on input line 16.
(pdftex.def)             Requested size: 683.67252pt x 512.87485pt.
File: pdf/02-print.pdf Graphic file (type pdf)
<use pdf/02-print.pdf>
Package pdftex.def Info: pdf/02-print.pdf  used on input line 16.
(pdftex.def)             Requested size: 683.67252pt x 512.87485pt.
File: pdf/02-print.pdf Graphic file (type pdf)
<use pdf/02-print.pdf>
Package pdftex.def Info: pdf/02-print.pdf  used on input line 16.
(pdftex.def)             Requested size: 683.67252pt x 512.87485pt.
<pdf/02-print.pdf, id=25, page=1, 683.6742pt x 512.8761pt>
File: pdf/02-print.pdf Graphic file (type pdf)
<use pdf/02-print.pdf, page 1>
Package pdftex.def Info: pdf/02-print.pdf , page1 used on input line 16.
(pdftex.def)             Requested size: 683.67252pt x 512.87485pt.
File: pdf/02-print.pdf Graphic file (type pdf)
<use pdf/02-print.pdf, page 1>
Package pdftex.def Info: pdf/02-print.pdf , page1 used on input line 16.
(pdftex.def)             Requested size: 615.30109pt x 461.58423pt.
File: pdf/02-print.pdf Graphic file (type pdf)
<use pdf/02-print.pdf, page 1>
Package pdftex.def Info: pdf/02-print.pdf , page1 used on input line 16.
(pdftex.def)             Requested size: 615.30109pt x 461.58423pt.
File: pdf/02-print.pdf Graphic file (type pdf)
<use pdf/02-print.pdf, page 1>
Package pdftex.def Info: pdf/02-print.pdf , page1 used on input line 16.
(pdftex.def)             Requested size: 615.30109pt x 461.58423pt.
<pdf/02-print.pdf, id=26, page=8, 683.6742pt x 512.8761pt>
File: pdf/02-print.pdf Graphic file (type pdf)
<use pdf/02-print.pdf, page 8>
Package pdftex.def Info: pdf/02-print.pdf , page8 used on input line 16.
(pdftex.def)             Requested size: 615.30109pt x 461.58423pt.
File: pdf/02-print.pdf Graphic file (type pdf)
<use pdf/02-print.pdf, page 8>
Package pdftex.def Info: pdf/02-print.pdf , page8 used on input line 16.
(pdftex.def)             Requested size: 615.30109pt x 461.58423pt.
<pdf/02-print.pdf, id=27, page=13, 683.6742pt x 512.8761pt>
File: pdf/02-print.pdf Graphic file (type pdf)
<use pdf/02-print.pdf, page 13>
Package pdftex.def Info: pdf/02-print.pdf , page13 used on input line 16.
(pdftex.def)             Requested size: 615.30109pt x 461.58423pt.
File: pdf/02-print.pdf Graphic file (type pdf)
<use pdf/02-print.pdf, page 13>
Package pdftex.def Info: pdf/02-print.pdf , page13 used on input line 16.
(pdftex.def)             Requested size: 615.30109pt x 461.58423pt.
<pdf/02-print.pdf, id=28, page=17, 683.6742pt x 512.8761pt>
File: pdf/02-print.pdf Graphic file (type pdf)
<use pdf/02-print.pdf, page 17>
Package pdftex.def Info: pdf/02-print.pdf , page17 used on input line 16.
(pdftex.def)             Requested size: 615.30109pt x 461.58423pt.
File: pdf/02-print.pdf Graphic file (type pdf)
<use pdf/02-print.pdf, page 17>
Package pdftex.def Info: pdf/02-print.pdf , page17 used on input line 16.
(pdftex.def)             Requested size: 615.30109pt x 461.58423pt.
<pdf/02-print.pdf, id=29, page=20, 683.6742pt x 512.8761pt>
File: pdf/02-print.pdf Graphic file (type pdf)
<use pdf/02-print.pdf, page 20>
Package pdftex.def Info: pdf/02-print.pdf , page20 used on input line 16.
(pdftex.def)             Requested size: 615.30109pt x 461.58423pt.
File: pdf/02-print.pdf Graphic file (type pdf)
<use pdf/02-print.pdf, page 20>
Package pdftex.def Info: pdf/02-print.pdf , page20 used on input line 16.
(pdftex.def)             Requested size: 615.30109pt x 461.58423pt.
<pdf/02-print.pdf, id=30, page=25, 683.6742pt x 512.8761pt>
File: pdf/02-print.pdf Graphic file (type pdf)
<use pdf/02-print.pdf, page 25>
Package pdftex.def Info: pdf/02-print.pdf , page25 used on input line 16.
(pdftex.def)             Requested size: 615.30109pt x 461.58423pt.
File: pdf/02-print.pdf Graphic file (type pdf)
<use pdf/02-print.pdf, page 25>
Package pdftex.def Info: pdf/02-print.pdf , page25 used on input line 16.
(pdftex.def)             Requested size: 615.30109pt x 461.58423pt.
LaTeX Font Info:    Trying to load font information for OT1+phv on input line 1
6.
(/home/george/.TinyTeX/texmf-dist/tex/latex/psnfss/ot1phv.fd
File: ot1phv.fd 2001/06/04 scalable font definitions for OT1/phv.
)
LaTeX Font Info:    Trying to load font information for OMS+phv on input line 1
6.

(/home/george/.TinyTeX/texmf-dist/tex/latex/psnfss/omsphv.fd
File: omsphv.fd 
)
LaTeX Font Info:    Font shape `OMS/phv/b/n' in size <7> not available
(Font)              Font shape `OMS/cmsy/b/n' tried instead on input line 16.
File: pdf/02-print.pdf Graphic file (type pdf)
<use pdf/02-print.pdf, page 1>
Package pdftex.def Info: pdf/02-print.pdf , page1 used on input line 16.
(pdftex.def)             Requested size: 615.30109pt x 461.58423pt.
File: pdf/02-print.pdf Graphic file (type pdf)
<use pdf/02-print.pdf, page 8>
Package pdftex.def Info: pdf/02-print.pdf , page8 used on input line 16.
(pdftex.def)             Requested size: 615.30109pt x 461.58423pt.
File: pdf/02-print.pdf Graphic file (type pdf)
<use pdf/02-print.pdf, page 13>
Package pdftex.def Info: pdf/02-print.pdf , page13 used on input line 16.
(pdftex.def)             Requested size: 615.30109pt x 461.58423pt.
File: pdf/02-print.pdf Graphic file (type pdf)
<use pdf/02-print.pdf, page 17>
Package pdftex.def Info: pdf/02-print.pdf , page17 used on input line 16.
(pdftex.def)             Requested size: 615.30109pt x 461.58423pt.
File: pdf/02-print.pdf Graphic file (type pdf)
<use pdf/02-print.pdf, page 20>
Package pdftex.def Info: pdf/02-print.pdf , page20 used on input line 16.
(pdftex.def)             Requested size: 615.30109pt x 461.58423pt.
File: pdf/02-print.pdf Graphic file (type pdf)
<use pdf/02-print.pdf, page 25>
Package pdftex.def Info: pdf/02-print.pdf , page25 used on input line 16.
(pdftex.def)             Requested size: 615.30109pt x 461.58423pt.
 [1{/home/george/.TinyTeX/texmf-var/fonts/map/pdftex/updmap/pdftex.map}

 <./pdf/02-print.pdf> <./pdf/02-print.pdf> <./pdf/02-print.pdf> <./pdf/02-print
.pdf> <./pdf/02-print.pdf> <./pdf/02-print.pdf>]
<pdf/02-print.pdf, id=109, page=28, 683.6742pt x 512.8761pt>
File: pdf/02-print.pdf Graphic file (type pdf)
<use pdf/02-print.pdf, page 28>
Package pdftex.def Info: pdf/02-print.pdf , page28 used on input line 16.
(pdftex.def)             Requested size: 615.30109pt x 461.58423pt.
File: pdf/02-print.pdf Graphic file (type pdf)
<use pdf/02-print.pdf, page 28>
Package pdftex.def Info: pdf/02-print.pdf , page28 used on input line 16.
(pdftex.def)             Requested size: 615.30109pt x 461.58423pt.
<pdf/02-print.pdf, id=110, page=31, 683.6742pt x 512.8761pt>
File: pdf/02-print.pdf Graphic file (type pdf)
<use pdf/02-print.pdf, page 31>
Package pdftex.def Info: pdf/02-print.pdf , page31 used on input line 16.
(pdftex.def)             Requested size: 615.30109pt x 461.58423pt.
File: pdf/02-print.pdf Graphic file (type pdf)
<use pdf/02-print.pdf, page 31>
Package pdftex.def Info: pdf/02-print.pdf , page31 used on input line 16.
(pdftex.def)             Requested size: 615.30109pt x 461.58423pt.
<pdf/02-print.pdf, id=111, page=35, 683.6742pt x 512.8761pt>
File: pdf/02-print.pdf Graphic file (type pdf)
<use pdf/02-print.pdf, page 35>
Package pdftex.def Info: pdf/02-print.pdf , page35 used on input line 16.
(pdftex.def)             Requested size: 615.30109pt x 461.58423pt.
File: pdf/02-print.pdf Graphic file (type pdf)
<use pdf/02-print.pdf, page 35>
Package pdftex.def Info: pdf/02-print.pdf , page35 used on input line 16.
(pdftex.def)             Requested size: 615.30109pt x 461.58423pt.
<pdf/02-print.pdf, id=112, page=39, 683.6742pt x 512.8761pt>
File: pdf/02-print.pdf Graphic file (type pdf)
<use pdf/02-print.pdf, page 39>
Package pdftex.def Info: pdf/02-print.pdf , page39 used on input line 16.
(pdftex.def)             Requested size: 615.30109pt x 461.58423pt.
File: pdf/02-print.pdf Graphic file (type pdf)
<use pdf/02-print.pdf, page 39>
Package pdftex.def Info: pdf/02-print.pdf , page39 used on input line 16.
(pdftex.def)             Requested size: 615.30109pt x 461.58423pt.
<pdf/02-print.pdf, id=113, page=43, 683.6742pt x 512.8761pt>
File: pdf/02-print.pdf Graphic file (type pdf)
<use pdf/02-print.pdf, page 43>
Package pdftex.def Info: pdf/02-print.pdf , page43 used on input line 16.
(pdftex.def)             Requested size: 615.30109pt x 461.58423pt.
File: pdf/02-print.pdf Graphic file (type pdf)
<use pdf/02-print.pdf, page 43>
Package pdftex.def Info: pdf/02-print.pdf , page43 used on input line 16.
(pdftex.def)             Requested size: 615.30109pt x 461.58423pt.
<pdf/02-print.pdf, id=114, page=47, 683.6742pt x 512.8761pt>
File: pdf/02-print.pdf Graphic file (type pdf)
<use pdf/02-print.pdf, page 47>
Package pdftex.def Info: pdf/02-print.pdf , page47 used on input line 16.
(pdftex.def)             Requested size: 615.30109pt x 461.58423pt.
File: pdf/02-print.pdf Graphic file (type pdf)
<use pdf/02-print.pdf, page 47>
Package pdftex.def Info: pdf/02-print.pdf , page47 used on input line 16.
(pdftex.def)             Requested size: 615.30109pt x 461.58423pt.
File: pdf/02-print.pdf Graphic file (type pdf)
<use pdf/02-print.pdf, page 28>
Package pdftex.def Info: pdf/02-print.pdf , page28 used on input line 16.
(pdftex.def)             Requested size: 615.30109pt x 461.58423pt.
File: pdf/02-print.pdf Graphic file (type pdf)
<use pdf/02-print.pdf, page 31>
Package pdftex.def Info: pdf/02-print.pdf , page31 used on input line 16.
(pdftex.def)             Requested size: 615.30109pt x 461.58423pt.
File: pdf/02-print.pdf Graphic file (type pdf)
<use pdf/02-print.pdf, page 35>
Package pdftex.def Info: pdf/02-print.pdf , page35 used on input line 16.
(pdftex.def)             Requested size: 615.30109pt x 461.58423pt.
File: pdf/02-print.pdf Graphic file (type pdf)
<use pdf/02-print.pdf, page 39>
Package pdftex.def Info: pdf/02-print.pdf , page39 used on input line 16.
(pdftex.def)             Requested size: 615.30109pt x 461.58423pt.
File: pdf/02-print.pdf Graphic file (type pdf)
<use pdf/02-print.pdf, page 43>
Package pdftex.def Info: pdf/02-print.pdf , page43 used on input line 16.
(pdftex.def)             Requested size: 615.30109pt x 461.58423pt.
File: pdf/02-print.pdf Graphic file (type pdf)
<use pdf/02-print.pdf, page 47>
Package pdftex.def Info: pdf/02-print.pdf , page47 used on input line 16.
(pdftex.def)             Requested size: 615.30109pt x 461.58423pt.
 [2 <./pdf/02-print.pdf> <./pdf/02-print.pdf> <./pdf/02-print.pdf> <./pdf/02-pr
int.pdf> <./pdf/02-print.pdf> <./pdf/02-print.pdf>]
<pdf/02-print.pdf, id=163, page=51, 683.6742pt x 512.8761pt>
File: pdf/02-print.pdf Graphic file (type pdf)
<use pdf/02-print.pdf, page 51>
Package pdftex.def Info: pdf/02-print.pdf , page51 used on input line 16.
(pdftex.def)             Requested size: 615.30109pt x 461.58423pt.
File: pdf/02-print.pdf Graphic file (type pdf)
<use pdf/02-print.pdf, page 51>
Package pdftex.def Info: pdf/02-print.pdf , page51 used on input line 16.
(pdftex.def)             Requested size: 615.30109pt x 461.58423pt.
<pdf/02-print.pdf, id=164, page=55, 683.6742pt x 512.8761pt>
File: pdf/02-print.pdf Graphic file (type pdf)
<use pdf/02-print.pdf, page 55>
Package pdftex.def Info: pdf/02-print.pdf , page55 used on input line 16.
(pdftex.def)             Requested size: 615.30109pt x 461.58423pt.
File: pdf/02-print.pdf Graphic file (type pdf)
<use pdf/02-print.pdf, page 55>
Package pdftex.def Info: pdf/02-print.pdf , page55 used on input line 16.
(pdftex.def)             Requested size: 615.30109pt x 461.58423pt.
<pdf/02-print.pdf, id=165, page=58, 683.6742pt x 512.8761pt>
File: pdf/02-print.pdf Graphic file (type pdf)
<use pdf/02-print.pdf, page 58>
Package pdftex.def Info: pdf/02-print.pdf , page58 used on input line 16.
(pdftex.def)             Requested size: 615.30109pt x 461.58423pt.
File: pdf/02-print.pdf Graphic file (type pdf)
<use pdf/02-print.pdf, page 58>
Package pdftex.def Info: pdf/02-print.pdf , page58 used on input line 16.
(pdftex.def)             Requested size: 615.30109pt x 461.58423pt.
<pdf/02-print.pdf, id=166, page=63, 683.6742pt x 512.8761pt>
File: pdf/02-print.pdf Graphic file (type pdf)
<use pdf/02-print.pdf, page 63>
Package pdftex.def Info: pdf/02-print.pdf , page63 used on input line 16.
(pdftex.def)             Requested size: 615.30109pt x 461.58423pt.
File: pdf/02-print.pdf Graphic file (type pdf)
<use pdf/02-print.pdf, page 63>
Package pdftex.def Info: pdf/02-print.pdf , page63 used on input line 16.
(pdftex.def)             Requested size: 615.30109pt x 461.58423pt.
<pdf/02-print.pdf, id=167, page=67, 683.6742pt x 512.8761pt>
File: pdf/02-print.pdf Graphic file (type pdf)
<use pdf/02-print.pdf, page 67>
Package pdftex.def Info: pdf/02-print.pdf , page67 used on input line 16.
(pdftex.def)             Requested size: 615.30109pt x 461.58423pt.
File: pdf/02-print.pdf Graphic file (type pdf)
<use pdf/02-print.pdf, page 67>
Package pdftex.def Info: pdf/02-print.pdf , page67 used on input line 16.
(pdftex.def)             Requested size: 615.30109pt x 461.58423pt.
<pdf/02-print.pdf, id=168, page=71, 683.6742pt x 512.8761pt>
File: pdf/02-print.pdf Graphic file (type pdf)
<use pdf/02-print.pdf, page 71>
Package pdftex.def Info: pdf/02-print.pdf , page71 used on input line 16.
(pdftex.def)             Requested size: 615.30109pt x 461.58423pt.
File: pdf/02-print.pdf Graphic file (type pdf)
<use pdf/02-print.pdf, page 71>
Package pdftex.def Info: pdf/02-print.pdf , page71 used on input line 16.
(pdftex.def)             Requested size: 615.30109pt x 461.58423pt.
File: pdf/02-print.pdf Graphic file (type pdf)
<use pdf/02-print.pdf, page 51>
Package pdftex.def Info: pdf/02-print.pdf , page51 used on input line 16.
(pdftex.def)             Requested size: 615.30109pt x 461.58423pt.
File: pdf/02-print.pdf Graphic file (type pdf)
<use pdf/02-print.pdf, page 55>
Package pdftex.def Info: pdf/02-print.pdf , page55 used on input line 16.
(pdftex.def)             Requested size: 615.30109pt x 461.58423pt.
File: pdf/02-print.pdf Graphic file (type pdf)
<use pdf/02-print.pdf, page 58>
Package pdftex.def Info: pdf/02-print.pdf , page58 used on input line 16.
(pdftex.def)             Requested size: 615.30109pt x 461.58423pt.
File: pdf/02-print.pdf Graphic file (type pdf)
<use pdf/02-print.pdf, page 63>
Package pdftex.def Info: pdf/02-print.pdf , page63 used on input line 16.
(pdftex.def)             Requested size: 615.30109pt x 461.58423pt.
File: pdf/02-print.pdf Graphic file (type pdf)
<use pdf/02-print.pdf, page 67>
Package pdftex.def Info: pdf/02-print.pdf , page67 used on input line 16.
(pdftex.def)             Requested size: 615.30109pt x 461.58423pt.
File: pdf/02-print.pdf Graphic file (type pdf)
<use pdf/02-print.pdf, page 71>
Package pdftex.def Info: pdf/02-print.pdf , page71 used on input line 16.
(pdftex.def)             Requested size: 615.30109pt x 461.58423pt.

[3 <./pdf/02-print.pdf> <./pdf/02-print.pdf> <./pdf/02-print.pdf> <./pdf/02-pri
nt.pdf> <./pdf/02-print.pdf> <./pdf/02-print.pdf>]
<pdf/02-print.pdf, id=220, page=75, 683.6742pt x 512.8761pt>
File: pdf/02-print.pdf Graphic file (type pdf)
<use pdf/02-print.pdf, page 75>
Package pdftex.def Info: pdf/02-print.pdf , page75 used on input line 16.
(pdftex.def)             Requested size: 615.30109pt x 461.58423pt.
File: pdf/02-print.pdf Graphic file (type pdf)
<use pdf/02-print.pdf, page 75>
Package pdftex.def Info: pdf/02-print.pdf , page75 used on input line 16.
(pdftex.def)             Requested size: 615.30109pt x 461.58423pt.
<pdf/02-print.pdf, id=221, page=78, 683.6742pt x 512.8761pt>
File: pdf/02-print.pdf Graphic file (type pdf)
<use pdf/02-print.pdf, page 78>
Package pdftex.def Info: pdf/02-print.pdf , page78 used on input line 16.
(pdftex.def)             Requested size: 615.30109pt x 461.58423pt.
File: pdf/02-print.pdf Graphic file (type pdf)
<use pdf/02-print.pdf, page 78>
Package pdftex.def Info: pdf/02-print.pdf , page78 used on input line 16.
(pdftex.def)             Requested size: 615.30109pt x 461.58423pt.
<pdf/02-print.pdf, id=222, page=82, 683.6742pt x 512.8761pt>
File: pdf/02-print.pdf Graphic file (type pdf)
<use pdf/02-print.pdf, page 82>
Package pdftex.def Info: pdf/02-print.pdf , page82 used on input line 16.
(pdftex.def)             Requested size: 615.30109pt x 461.58423pt.
File: pdf/02-print.pdf Graphic file (type pdf)
<use pdf/02-print.pdf, page 82>
Package pdftex.def Info: pdf/02-print.pdf , page82 used on input line 16.
(pdftex.def)             Requested size: 615.30109pt x 461.58423pt.
<pdf/02-print.pdf, id=223, page=86, 683.6742pt x 512.8761pt>
File: pdf/02-print.pdf Graphic file (type pdf)
<use pdf/02-print.pdf, page 86>
Package pdftex.def Info: pdf/02-print.pdf , page86 used on input line 16.
(pdftex.def)             Requested size: 615.30109pt x 461.58423pt.
File: pdf/02-print.pdf Graphic file (type pdf)
<use pdf/02-print.pdf, page 86>
Package pdftex.def Info: pdf/02-print.pdf , page86 used on input line 16.
(pdftex.def)             Requested size: 615.30109pt x 461.58423pt.
<pdf/02-print.pdf, id=224, page=87, 683.6742pt x 512.8761pt>
File: pdf/02-print.pdf Graphic file (type pdf)
<use pdf/02-print.pdf, page 87>
Package pdftex.def Info: pdf/02-print.pdf , page87 used on input line 16.
(pdftex.def)             Requested size: 615.30109pt x 461.58423pt.
File: pdf/02-print.pdf Graphic file (type pdf)
<use pdf/02-print.pdf, page 87>
Package pdftex.def Info: pdf/02-print.pdf , page87 used on input line 16.
(pdftex.def)             Requested size: 615.30109pt x 461.58423pt.
<pdf/02-print.pdf, id=225, page=88, 683.6742pt x 512.8761pt>
File: pdf/02-print.pdf Graphic file (type pdf)
<use pdf/02-print.pdf, page 88>
Package pdftex.def Info: pdf/02-print.pdf , page88 used on input line 16.
(pdftex.def)             Requested size: 615.30109pt x 461.58423pt.
File: pdf/02-print.pdf Graphic file (type pdf)
<use pdf/02-print.pdf, page 88>
Package pdftex.def Info: pdf/02-print.pdf , page88 used on input line 16.
(pdftex.def)             Requested size: 615.30109pt x 461.58423pt.
File: pdf/02-print.pdf Graphic file (type pdf)
<use pdf/02-print.pdf, page 75>
Package pdftex.def Info: pdf/02-print.pdf , page75 used on input line 16.
(pdftex.def)             Requested size: 615.30109pt x 461.58423pt.
File: pdf/02-print.pdf Graphic file (type pdf)
<use pdf/02-print.pdf, page 78>
Package pdftex.def Info: pdf/02-print.pdf , page78 used on input line 16.
(pdftex.def)             Requested size: 615.30109pt x 461.58423pt.
File: pdf/02-print.pdf Graphic file (type pdf)
<use pdf/02-print.pdf, page 82>
Package pdftex.def Info: pdf/02-print.pdf , page82 used on input line 16.
(pdftex.def)             Requested size: 615.30109pt x 461.58423pt.
File: pdf/02-print.pdf Graphic file (type pdf)
<use pdf/02-print.pdf, page 86>
Package pdftex.def Info: pdf/02-print.pdf , page86 used on input line 16.
(pdftex.def)             Requested size: 615.30109pt x 461.58423pt.
File: pdf/02-print.pdf Graphic file (type pdf)
<use pdf/02-print.pdf, page 87>
Package pdftex.def Info: pdf/02-print.pdf , page87 used on input line 16.
(pdftex.def)             Requested size: 615.30109pt x 461.58423pt.
File: pdf/02-print.pdf Graphic file (type pdf)
<use pdf/02-print.pdf, page 88>
Package pdftex.def Info: pdf/02-print.pdf , page88 used on input line 16.
(pdftex.def)             Requested size: 615.30109pt x 461.58423pt.
 [4 <./pdf/02-print.pdf> <./pdf/02-print.pdf> <./pdf/02-print.pdf> <./pdf/02-pr
int.pdf> <./pdf/02-print.pdf> <./pdf/02-print.pdf>] (pdf/02-handout.aux) ) 
Here is how much of TeX's memory you used:
 3085 strings out of 494107
 44611 string characters out of 6173375
 118691 words of memory out of 5000000
 7177 multiletter control sequences out of 15000+600000
 6065 words of font info for 18 fonts, out of 8000000 for 9000
 14 hyphenation exceptions out of 8191
 42i,20n,50p,274b,516s stack positions out of 5000i,500n,10000p,200000b,80000s
{/hom
e/george/.TinyTeX/texmf-dist/fonts/enc/dvips/base/8r.enc}</home/george/.TinyTeX
/texmf-dist/fonts/type1/public/amsfonts/cmextra/cmbsy7.pfb></home/george/.TinyT
eX/texmf-dist/fonts/type1/public/amsfonts/cm/cmr10.pfb></home/george/.TinyTeX/t
exmf-dist/fonts/type1/public/amsfonts/cm/cmr7.pfb></home/george/.TinyTeX/texmf-
dist/fonts/type1/urw/helvetic/uhvb8a.pfb>
Output written on pdf/02-handout.pdf (4 pages, 2046492 bytes).
PDF statistics:
 282 PDF objects out of 1000 (max. 8388607)
 83 compressed objects within 1 object stream
 0 named destinations out of 1000 (max. 500000)
 241 words of extra memory for PDF output out of 10000 (max. 10000000)

